1733132212254:sign in privileged admin admin
1733132224549:sign in privileged asd asd
1733132909103:admin task
1733132917241:sign in privileged admin admin
1733132921606:admin task
1733132932627:sign in privileged asd asd
1733132940553:admin task
1733133079648:sign in privileged admin admin
1733133089113:admin task
1733133092539:sign in privileged asd asd
1733133095942:admin task
1733133101046:sign in privileged admin admin
1733133103020:admin task
1733133881032:describe account
1733133912348:sign in privileged admin admin
1733133919926:describe account
1733133929661:sign out
1733133930158:describe account
1733136654547:create movie Sátántangó drama 450
1733136665942:sign in privileged admin admin
1733136673682:create movie Sátántangó drama 450
1733137868632:sign in privileged admin admin
1733137877954:create movie Sátántangó drama 450
1733137909101:update movie Sátántangó akció 350
1733137924167:sign out
1733137930655:update movie Sátántangó akció 250
1733137942055:sign in privileged admin admin
1733137945331:update movie Sátántangó akció 250
1733137987936:update movie Sátántangóe akció 250
1733138001202:update movie Sátántangó asdasd
1733138150821:sign in privileged admin admin
1733138160830:create movie Sátántangó drama 450
1733138178782:delete movie Sátántangó
1733138746373:create movie Sátántangó drama 450
1733138755581:sign in privileged admin admin
1733138761617:reate movie Sátántangó drama 450
1733138775748:create movie Sátántangó drama 450
1733138795293:create movie Alkonyat thriller 500
1733138799421:sign out
1733138807316:list movies
1733140126678:create room ElsoTerem 5 5
1733140135473:sign in privileged admin admin
1733140140744:create room ElsoTerem 5 5
1733140418738:sign in privileged admin admin
1733140434114:create room testroom 5 5
1733140444385:update room testroom 10 10
1733140585825:sign in privileged admin admin
1733140604427:create room testroom 5 5
1733140714768:delete room testroom
1733140725582:create room testroom 5 5
1733140730612:delete room testroom
1733140977789:sign in privileged admin admin
1733140988881:create room testroom 5 5
1733140995805:create room testroom2 5 5
1733141000536:create room testroom3 15 15
1733141008244:list rooms
1733141020312:sign out
1733141025139:list rooms
